building_id, mean_temp, std_temp, pct_above_18, pct_below_15
10000,  14.01233878811275, 6.367431059312565, 30.941014791508444, 55.542295034537624
TOTAL TIME OF EXECUTION FOR N=1: 6.09

------------------------------------------------------------
Sender: LSF System <lsfadmin@hpc.dtu.dk>
Subject: Job 24505296: <timed_simulation_task2tmp> in cluster <dcc> Done

Job <timed_simulation_task2tmp> was submitted from host <n-62-30-5> by user <s243896> in cluster <dcc> at Tue Mar 25 15:34:07 2025
Job was executed on host(s) <8*n-62-31-20>, in queue <hpc>, as user <s243896> in cluster <dcc> at Tue Mar 25 15:34:07 2025
</zhome/33/6/214764> was used as the home directory.
</zhome/33/6/214764/python_hpc_project/initial_performance_analysis> was used as the working directory.
Started at Tue Mar 25 15:34:07 2025
Terminated at Tue Mar 25 15:34:14 2025
Results reported at Tue Mar 25 15:34:14 2025

Your job looked like:

------------------------------------------------------------
# LSBATCH: User input
#!/bin/bash
#BSUB -J timed_simulation_task2tmp
#BSUB -q hpc
#BSUB -W 20
#BSUB -R "rusage[mem=2048]"
#BSUB -R "select[model==XeonGold6126]"
#BSUB -o timed_simulation_task2tmp_%J.out
#BSUB -e timed_simulation_task2tmp_%J.err
#BSUB -n 8
#BSUB -R "span[hosts=1]"

# use lsinfo -m to get the CPU model name
python timed_simulation.py
------------------------------------------------------------

Successfully completed.

Resource usage summary:

    CPU time :                                   7.18 sec.
    Max Memory :                                 -
    Average Memory :                             -
    Total Requested Memory :                     16384.00 MB
    Delta Memory :                               -
    Max Swap :                                   -
    Max Processes :                              -
    Max Threads :                                -
    Run time :                                   77 sec.
    Turnaround time :                            7 sec.

The output (if any) is above this job summary.



PS:

Read file <timed_simulation_task2tmp_24505296.err> for stderr output of this job.

