Total time to run: 14.6
building_id, mean_temp, std_temp, pct_above_18, pct_below_15
10000,  14.012338788112752, 6.367431059312565, 30.941014791508444, 55.542295034537624
10009,  11.000135812436369, 5.811144379826625, 16.6712734948236, 74.9723590310584
10014,  14.744169941950117, 7.037733284673849, 38.26367541377415, 52.80837116508215
10019,  14.735524480624484, 7.030325006703675, 38.14915412864569, 52.92926826787113
10029,  10.616037322820358, 6.317331938274926, 18.25563221896085, 74.51301795448481

------------------------------------------------------------
Sender: LSF System <lsfadmin@hpc.dtu.dk>
Subject: Job 24808114: <t9_5N> in cluster <dcc> Done

Job <t9_5N> was submitted from host <n-62-27-20> by user <s243896> in cluster <dcc> at Sat Apr 26 15:52:19 2025
Job was executed on host(s) <4*n-62-12-22>, in queue <c02613>, as user <s243896> in cluster <dcc> at Sat Apr 26 15:52:39 2025
</zhome/33/6/214764> was used as the home directory.
</zhome/33/6/214764/python_hpc_project/t9> was used as the working directory.
Started at Sat Apr 26 15:52:39 2025
Terminated at Sat Apr 26 15:52:57 2025
Results reported at Sat Apr 26 15:52:57 2025

Your job looked like:

------------------------------------------------------------
# LSBATCH: User input
#!/bin/sh
#BSUB -q c02613
#BSUB -J t9_5N
#BSUB -n 4
#BSUB -R "span[hosts=1]"
#BSUB -R "rusage[mem=1GB]"
#BSUB -gpu "num=1:mode=exclusive_process"
#BSUB -W 00:30
#BSUB -o t9_5N_%J.out
#BSUB -e t9_5N_%J.err

source /dtu/projects/02613_2025/conda/conda_init.sh
conda activate 02613

python simulate_cupy.py 5
------------------------------------------------------------

Successfully completed.

Resource usage summary:

    CPU time :                                   16.01 sec.
    Max Memory :                                 -
    Average Memory :                             -
    Total Requested Memory :                     4096.00 MB
    Delta Memory :                               -
    Max Swap :                                   -
    Max Processes :                              -
    Max Threads :                                -
    Run time :                                   0 sec.
    Turnaround time :                            38 sec.

The output (if any) is above this job summary.



PS:

Read file <t9_5N_24808114.err> for stderr output of this job.

