building_id, mean_temp, std_temp, pct_above_18, pct_below_15
10000,  14.01233878811275, 6.367431059312565, 30.941014791508444, 55.542295034537624
10009,  11.000135812436373, 5.811144379826625, 16.6712734948236, 74.9723590310584
10014,  14.744169941950119, 7.037733284673848, 38.26367541377415, 52.80837116508215
10019,  14.735524480624482, 7.030325006703675, 38.14915412864569, 52.92926826787113
10029,  10.616037322820358, 6.317331938274926, 18.25563221896085, 74.51301795448481
TOTAL TIME OF EXECUTION FOR N=5: 39.95

------------------------------------------------------------
Sender: LSF System <lsfadmin@hpc.dtu.dk>
Subject: Job 24505312: <timed_simulation_task2_5N> in cluster <dcc> Done

Job <timed_simulation_task2_5N> was submitted from host <n-62-30-5> by user <s243896> in cluster <dcc> at Tue Mar 25 15:38:13 2025
Job was executed on host(s) <8*n-62-31-7>, in queue <hpc>, as user <s243896> in cluster <dcc> at Tue Mar 25 15:38:14 2025
</zhome/33/6/214764> was used as the home directory.
</zhome/33/6/214764/python_hpc_project/initial_performance_analysis> was used as the working directory.
Started at Tue Mar 25 15:38:14 2025
Terminated at Tue Mar 25 15:38:55 2025
Results reported at Tue Mar 25 15:38:55 2025

Your job looked like:

------------------------------------------------------------
# LSBATCH: User input
#!/bin/bash
#BSUB -J timed_simulation_task2_5N
#BSUB -q hpc
#BSUB -W 20
#BSUB -R "rusage[mem=2048]"
#BSUB -R "select[model==XeonGold6126]"
#BSUB -o timed_simulation_task2_5N_%J.out
#BSUB -e timed_simulation_task2_5N_%J.err
#BSUB -n 8
#BSUB -R "span[hosts=1]"

# use lsinfo -m to get the CPU model name
python timed_simulation.py 5
------------------------------------------------------------

Successfully completed.

Resource usage summary:

    CPU time :                                   41.02 sec.
    Max Memory :                                 45 MB
    Average Memory :                             45.00 MB
    Total Requested Memory :                     16384.00 MB
    Delta Memory :                               16339.00 MB
    Max Swap :                                   -
    Max Processes :                              4
    Max Threads :                                5
    Run time :                                   42 sec.
    Turnaround time :                            42 sec.

The output (if any) is above this job summary.



PS:

Read file <timed_simulation_task2_5N_24505312.err> for stderr output of this job.

