
--- Performance Comparison ---
Original implementation: 41.1145 seconds
CUDA implementation: 5.4508 seconds
Speedup: 7.54x faster
Results match: False

Estimated time for all 100 floorplans: 109.02 seconds
Estimated time for all 4571 floorplans: 4983.11 seconds

Processing N floorplans with CUDA implementation...
Total processing time: 109.0608 seconds

------------------------------------------------------------
Sender: LSF System <lsfadmin@hpc.dtu.dk>
Subject: Job 24746767: <t8_100N> in cluster <dcc> Done

Job <t8_100N> was submitted from host <n-62-30-8> by user <s243896> in cluster <dcc> at Mon Apr 21 12:49:53 2025
Job was executed on host(s) <4*n-62-12-22>, in queue <c02613>, as user <s243896> in cluster <dcc> at Mon Apr 21 12:49:55 2025
</zhome/33/6/214764> was used as the home directory.
</zhome/33/6/214764/python_hpc_project/t8> was used as the working directory.
Started at Mon Apr 21 12:49:55 2025
Terminated at Mon Apr 21 12:52:35 2025
Results reported at Mon Apr 21 12:52:35 2025

Your job looked like:

------------------------------------------------------------
# LSBATCH: User input
#!/bin/sh
#BSUB -q c02613
#BSUB -J t8_100N
#BSUB -n 4
#BSUB -R "span[hosts=1]"
#BSUB -R "rusage[mem=1GB]"
#BSUB -gpu "num=1:mode=exclusive_process"
#BSUB -W 00:30
#BSUB -o t8_100N_%J.out
#BSUB -e t8_100N_%J.err

source /dtu/projects/02613_2025/conda/conda_init.sh
conda activate 02613

python simulate.py 100
------------------------------------------------------------

Successfully completed.

Resource usage summary:

    CPU time :                                   158.71 sec.
    Max Memory :                                 -
    Average Memory :                             -
    Total Requested Memory :                     4096.00 MB
    Delta Memory :                               -
    Max Swap :                                   -
    Max Processes :                              -
    Max Threads :                                -
    Run time :                                   228 sec.
    Turnaround time :                            162 sec.

The output (if any) is above this job summary.



PS:

Read file <t8_100N_24746767.err> for stderr output of this job.

