building_id, mean_temp, std_temp, pct_above_18, pct_below_15
10000,  14.01233878811275, 6.367431059312565, 30.941014791508444, 55.542295034537624
10009,  11.000135812436373, 5.811144379826625, 16.6712734948236, 74.9723590310584
10014,  14.744169941950119, 7.037733284673848, 38.26367541377415, 52.80837116508215
10019,  14.735524480624482, 7.030325006703675, 38.14915412864569, 52.92926826787113
10029,  10.616037322820358, 6.317331938274926, 18.25563221896085, 74.51301795448481
TOTAL TIME OF EXECUTION FOR N=5: 56.87

------------------------------------------------------------
Sender: LSF System <lsfadmin@hpc.dtu.dk>
Subject: Job 24830462: <visualization_task3> in cluster <dcc> Done

Job <visualization_task3> was submitted from host <n-62-30-1> by user <s243896> in cluster <dcc> at Tue Apr 29 14:34:04 2025
Job was executed on host(s) <8*n-62-31-15>, in queue <hpc>, as user <s243896> in cluster <dcc> at Tue Apr 29 14:34:04 2025
</zhome/33/6/214764> was used as the home directory.
</zhome/33/6/214764/python_hpc_project/t1-3> was used as the working directory.
Started at Tue Apr 29 14:34:04 2025
Terminated at Tue Apr 29 14:35:03 2025
Results reported at Tue Apr 29 14:35:03 2025

Your job looked like:

------------------------------------------------------------
# LSBATCH: User input
#!/bin/bash
#BSUB -J visualization_task3
#BSUB -q hpc
#BSUB -W 20
#BSUB -R "rusage[mem=2048]"
#BSUB -R "select[model==XeonGold6126]"
#BSUB -o visualization_task3_%J.out
#BSUB -e visualization_task3_%J.err
#BSUB -n 8
#BSUB -R "span[hosts=1]"

# use lsinfo -m to get the CPU model name
python simulation_with_visualization.py 5
------------------------------------------------------------

Successfully completed.

Resource usage summary:

    CPU time :                                   58.82 sec.
    Max Memory :                                 73 MB
    Average Memory :                             73.00 MB
    Total Requested Memory :                     16384.00 MB
    Delta Memory :                               16311.00 MB
    Max Swap :                                   -
    Max Processes :                              4
    Max Threads :                                5
    Run time :                                   91 sec.
    Turnaround time :                            59 sec.

The output (if any) is above this job summary.



PS:

Read file <visualization_task3_24830462.err> for stderr output of this job.

