building_id, mean_temp, std_temp, pct_above_18, pct_below_15
10000,  14.01233878811275, 6.367431059312565, 30.941014791508444, 55.542295034537624
10009,  11.000135812436373, 5.811144379826625, 16.6712734948236, 74.9723590310584
10014,  14.744169941950119, 7.037733284673848, 38.26367541377415, 52.80837116508215
10019,  14.735524480624482, 7.030325006703675, 38.14915412864569, 52.92926826787113
10029,  10.616037322820358, 6.317331938274926, 18.25563221896085, 74.51301795448481
10031,  12.507072852890545, 6.278432089100354, 24.044722033998173, 66.39513301711693
10051,  13.289039951277402, 5.999085063388632, 25.97693550756574, 62.859923608050536
10053,  11.366493551285709, 6.26121798185875, 19.9510754583921, 72.41052538787024
10056,  14.220114507861702, 6.179461157398302, 31.763454814173965, 57.06174975667784
10064,  12.71696893739585, 6.964227784263683, 28.79137124461432, 62.75688345539249
10075,  15.156939199079357, 6.44052034037085, 39.12088154756647, 47.45605511880576
10079,  15.094353507626135, 7.313911268349323, 41.90001451870493, 49.44974108309539
10080,  15.777740694240359, 7.280585752157965, 46.365765006711015, 44.711034476002
10082,  16.465720758630678, 6.713345052234242, 48.64349722630506, 40.56137689061685
10083,  15.639247995421403, 7.120808056609733, 44.855518923515284, 45.886354482120744
TOTAL TIME OF EXECUTION FOR N=15: 164.49

------------------------------------------------------------
Sender: LSF System <lsfadmin@hpc.dtu.dk>
Subject: Job 24830330: <timed_simulation_task2_15N> in cluster <dcc> Done

Job <timed_simulation_task2_15N> was submitted from host <n-62-30-1> by user <s243896> in cluster <dcc> at Tue Apr 29 14:09:54 2025
Job was executed on host(s) <8*n-62-31-16>, in queue <hpc>, as user <s243896> in cluster <dcc> at Tue Apr 29 14:09:56 2025
</zhome/33/6/214764> was used as the home directory.
</zhome/33/6/214764/python_hpc_project/t1-3> was used as the working directory.
Started at Tue Apr 29 14:09:56 2025
Terminated at Tue Apr 29 14:12:42 2025
Results reported at Tue Apr 29 14:12:42 2025

Your job looked like:

------------------------------------------------------------
# LSBATCH: User input
#!/bin/bash
#BSUB -J timed_simulation_task2_15N
#BSUB -q hpc
#BSUB -W 20
#BSUB -R "rusage[mem=2048]"
#BSUB -R "select[model==XeonGold6126]"
#BSUB -o timed_simulation_task2_15N_%J.out
#BSUB -e timed_simulation_task2_15N_%J.err
#BSUB -n 8
#BSUB -R "span[hosts=1]"

# use lsinfo -m to get the CPU model name
python timed_simulation.py 15
------------------------------------------------------------

Successfully completed.

Resource usage summary:

    CPU time :                                   163.08 sec.
    Max Memory :                                 93 MB
    Average Memory :                             86.50 MB
    Total Requested Memory :                     16384.00 MB
    Delta Memory :                               16291.00 MB
    Max Swap :                                   -
    Max Processes :                              4
    Max Threads :                                5
    Run time :                                   270 sec.
    Turnaround time :                            168 sec.

The output (if any) is above this job summary.



PS:

Read file <timed_simulation_task2_15N_24830330.err> for stderr output of this job.

