
--- Performance Comparison ---
Original implementation: 39.3405 seconds
CUDA implementation: 5.5299 seconds
Speedup: 7.11x faster
Results match: False

Estimated time for all 100 floorplans: 110.60 seconds
Estimated time for all 4571 floorplans: 5055.45 seconds

Processing N floorplans with CUDA implementation...
Total processing time: 110.7361 seconds

------------------------------------------------------------
Sender: LSF System <lsfadmin@hpc.dtu.dk>
Subject: Job 24746768: <t8m_100N> in cluster <dcc> Done

Job <t8m_100N> was submitted from host <n-62-30-8> by user <s243896> in cluster <dcc> at Mon Apr 21 12:50:10 2025
Job was executed on host(s) <4*n-62-12-22>, in queue <c02613>, as user <s243896> in cluster <dcc> at Mon Apr 21 12:52:37 2025
</zhome/33/6/214764> was used as the home directory.
</zhome/33/6/214764/python_hpc_project/t8> was used as the working directory.
Started at Mon Apr 21 12:52:37 2025
Terminated at Mon Apr 21 12:55:17 2025
Results reported at Mon Apr 21 12:55:17 2025

Your job looked like:

------------------------------------------------------------
# LSBATCH: User input
#!/bin/sh
#BSUB -q c02613
#BSUB -J t8m_100N
#BSUB -n 4
#BSUB -R "span[hosts=1]"
#BSUB -R "rusage[mem=1GB]"
#BSUB -gpu "num=1:mode=exclusive_process"
#BSUB -W 00:30
#BSUB -o t8m_100N_%J.out
#BSUB -e t8m_100N_%J.err

source /dtu/projects/02613_2025/conda/conda_init.sh
conda activate 02613

python simulate_with_memmap.py 100
------------------------------------------------------------

Successfully completed.

Resource usage summary:

    CPU time :                                   158.84 sec.
    Max Memory :                                 369 MB
    Average Memory :                             359.33 MB
    Total Requested Memory :                     4096.00 MB
    Delta Memory :                               3727.00 MB
    Max Swap :                                   -
    Max Processes :                              4
    Max Threads :                                7
    Run time :                                   60 sec.
    Turnaround time :                            307 sec.

The output (if any) is above this job summary.



PS:

Read file <t8m_100N_24746768.err> for stderr output of this job.

