
--- Performance Comparison ---
Original implementation: 40.3408 seconds
CUDA implementation: 5.5134 seconds
Speedup: 7.32x faster
Results match: False

Estimated time for all 50 floorplans: 55.13 seconds
Estimated time for all 4571 floorplans: 5040.35 seconds

Processing N floorplans with CUDA implementation...
Total processing time: 54.5898 seconds

------------------------------------------------------------
Sender: LSF System <lsfadmin@hpc.dtu.dk>
Subject: Job 24746763: <t8m_50N> in cluster <dcc> Done

Job <t8m_50N> was submitted from host <n-62-30-8> by user <s243896> in cluster <dcc> at Mon Apr 21 12:47:00 2025
Job was executed on host(s) <4*n-62-12-22>, in queue <c02613>, as user <s243896> in cluster <dcc> at Mon Apr 21 12:47:02 2025
</zhome/33/6/214764> was used as the home directory.
</zhome/33/6/214764/python_hpc_project/t8> was used as the working directory.
Started at Mon Apr 21 12:47:02 2025
Terminated at Mon Apr 21 12:48:47 2025
Results reported at Mon Apr 21 12:48:47 2025

Your job looked like:

------------------------------------------------------------
# LSBATCH: User input
#!/bin/sh
#BSUB -q c02613
#BSUB -J t8m_50N
#BSUB -n 4
#BSUB -R "span[hosts=1]"
#BSUB -R "rusage[mem=1GB]"
#BSUB -gpu "num=1:mode=exclusive_process"
#BSUB -W 00:30
#BSUB -o t8m_50N_%J.out
#BSUB -e t8m_50N_%J.err

source /dtu/projects/02613_2025/conda/conda_init.sh
conda activate 02613

python simulate_with_memmap.py 50
------------------------------------------------------------

Successfully completed.

Resource usage summary:

    CPU time :                                   103.62 sec.
    Max Memory :                                 -
    Average Memory :                             -
    Total Requested Memory :                     4096.00 MB
    Delta Memory :                               -
    Max Swap :                                   -
    Max Processes :                              -
    Max Threads :                                -
    Run time :                                   0 sec.
    Turnaround time :                            107 sec.

The output (if any) is above this job summary.



PS:

Read file <t8m_50N_24746763.err> for stderr output of this job.

