
--- Performance Comparison ---
Original implementation: 52.3061 seconds
Numba JIT implementation: 11.7573 seconds
Speedup: 4.45x faster
Results match: False

Estimated time for all 1000 floorplans: 2351.46 seconds
Estimated time for all 4571 floorplans: 10748.54 seconds

Processing N floorplans with Numba implementation...
Total processing time: 3665.9135 seconds

------------------------------------------------------------
Sender: LSF System <lsfadmin@hpc.dtu.dk>
Subject: Job 24651190: <t7_1000N> in cluster <dcc> Done

Job <t7_1000N> was submitted from host <n-62-30-3> by user <s243896> in cluster <dcc> at Sat Apr 12 17:21:17 2025
Job was executed on host(s) <8*n-62-31-18>, in queue <hpc>, as user <s243896> in cluster <dcc> at Sat Apr 12 17:21:18 2025
</zhome/33/6/214764> was used as the home directory.
</zhome/33/6/214764/python_hpc_project/t7> was used as the working directory.
Started at Sat Apr 12 17:21:18 2025
Terminated at Sat Apr 12 18:25:06 2025
Results reported at Sat Apr 12 18:25:06 2025

Your job looked like:

------------------------------------------------------------
# LSBATCH: User input
#!/bin/bash
#BSUB -J t7_1000N
#BSUB -q hpc
#BSUB -W 120
#BSUB -R "rusage[mem=4096]"
#BSUB -R "select[model==XeonGold6126]"
#BSUB -o t7_1000N_%J.out
#BSUB -e t7_1000N_%J.err
#BSUB -n 8
#BSUB -R "span[hosts=1]"

source /dtu/projects/02613_2025/conda/conda_init.sh
conda activate 02613

python simulate.py 1000
------------------------------------------------------------

Successfully completed.

Resource usage summary:

    CPU time :                                   3749.03 sec.
    Max Memory :                                 4361 MB
    Average Memory :                             3346.94 MB
    Total Requested Memory :                     32768.00 MB
    Delta Memory :                               28407.00 MB
    Max Swap :                                   -
    Max Processes :                              4
    Max Threads :                                5
    Run time :                                   3868 sec.
    Turnaround time :                            3829 sec.

The output (if any) is above this job summary.



PS:

Read file <t7_1000N_24651190.err> for stderr output of this job.

