
--- Performance Comparison ---
Original implementation: 57.9826 seconds
Numba JIT implementation: 9.2543 seconds
Speedup: 6.27x faster
Results match: False

Estimated time for all 100 floorplans: 185.09 seconds
Estimated time for all 4571 floorplans: 8460.25 seconds

Processing N floorplans with Numba implementation...
Total processing time: 287.6118 seconds

------------------------------------------------------------
Sender: LSF System <lsfadmin@hpc.dtu.dk>
Subject: Job 24651062: <t7_100N> in cluster <dcc> Done

Job <t7_100N> was submitted from host <n-62-30-3> by user <s243896> in cluster <dcc> at Sat Apr 12 16:11:10 2025
Job was executed on host(s) <8*n-62-31-7>, in queue <hpc>, as user <s243896> in cluster <dcc> at Sat Apr 12 16:11:10 2025
</zhome/33/6/214764> was used as the home directory.
</zhome/33/6/214764/python_hpc_project/t7> was used as the working directory.
Started at Sat Apr 12 16:11:10 2025
Terminated at Sat Apr 12 16:17:09 2025
Results reported at Sat Apr 12 16:17:09 2025

Your job looked like:

------------------------------------------------------------
# LSBATCH: User input
#!/bin/bash
#BSUB -J t7_100N
#BSUB -q hpc
#BSUB -W 20
#BSUB -R "rusage[mem=4096]"
#BSUB -R "select[model==XeonGold6126]"
#BSUB -o t7_100N_%J.out
#BSUB -e t7_100N_%J.err
#BSUB -n 8
#BSUB -R "span[hosts=1]"

source /dtu/projects/02613_2025/conda/conda_init.sh
conda activate 02613

python simulate.py 100
------------------------------------------------------------

Successfully completed.

Resource usage summary:

    CPU time :                                   358.97 sec.
    Max Memory :                                 500 MB
    Average Memory :                             440.60 MB
    Total Requested Memory :                     32768.00 MB
    Delta Memory :                               32268.00 MB
    Max Swap :                                   -
    Max Processes :                              4
    Max Threads :                                5
    Run time :                                   362 sec.
    Turnaround time :                            359 sec.

The output (if any) is above this job summary.



PS:

Read file <t7_100N_24651062.err> for stderr output of this job.

