
--- Performance Comparison ---
Original implementation: 63.8188 seconds
Numba JIT implementation: 9.3772 seconds
Speedup: 6.81x faster
Results match: False

Estimated time for all 50 floorplans: 93.77 seconds
Estimated time for all 4571 floorplans: 8572.63 seconds

Processing N floorplans with Numba implementation...
Total processing time: 136.1994 seconds

------------------------------------------------------------
Sender: LSF System <lsfadmin@hpc.dtu.dk>
Subject: Job 24651055: <t7_50N> in cluster <dcc> Done

Job <t7_50N> was submitted from host <n-62-30-3> by user <s243896> in cluster <dcc> at Sat Apr 12 16:05:21 2025
Job was executed on host(s) <8*n-62-31-7>, in queue <hpc>, as user <s243896> in cluster <dcc> at Sat Apr 12 16:05:22 2025
</zhome/33/6/214764> was used as the home directory.
</zhome/33/6/214764/python_hpc_project/t7> was used as the working directory.
Started at Sat Apr 12 16:05:22 2025
Terminated at Sat Apr 12 16:08:55 2025
Results reported at Sat Apr 12 16:08:55 2025

Your job looked like:

------------------------------------------------------------
# LSBATCH: User input
#!/bin/bash
#BSUB -J t7_50N
#BSUB -q hpc
#BSUB -W 20
#BSUB -R "rusage[mem=4096]"
#BSUB -R "select[model==XeonGold6126]"
#BSUB -o t7_50N_%J.out
#BSUB -e t7_50N_%J.err
#BSUB -n 8
#BSUB -R "span[hosts=1]"

source /dtu/projects/02613_2025/conda/conda_init.sh
conda activate 02613

python simulate.py 50
------------------------------------------------------------

Successfully completed.

Resource usage summary:

    CPU time :                                   213.47 sec.
    Max Memory :                                 283 MB
    Average Memory :                             264.00 MB
    Total Requested Memory :                     32768.00 MB
    Delta Memory :                               32485.00 MB
    Max Swap :                                   -
    Max Processes :                              4
    Max Threads :                                5
    Run time :                                   279 sec.
    Turnaround time :                            214 sec.

The output (if any) is above this job summary.



PS:

Read file <t7_50N_24651055.err> for stderr output of this job.

